  raudio.c
/raylib-master/src/raudio.c(1,1): error C1083: Cannot open source file: '..\raylib-master\src\raudio.c': No such file or directory
  (compiling source file '/raylib-master/src/raudio.c')
  
  rcore.c
/raylib-master/src/rcore.c(1,1): error C1083: Cannot open source file: '..\raylib-master\src\rcore.c': No such file or directory
  (compiling source file '/raylib-master/src/rcore.c')
  
  rglfw.c
/raylib-master/src/rglfw.c(1,1): error C1083: Cannot open source file: '..\raylib-master\src\rglfw.c': No such file or directory
  (compiling source file '/raylib-master/src/rglfw.c')
  
  rmodels.c
/raylib-master/src/rmodels.c(1,1): error C1083: Cannot open source file: '..\raylib-master\src\rmodels.c': No such file or directory
  (compiling source file '/raylib-master/src/rmodels.c')
  
  rshapes.c
/raylib-master/src/rshapes.c(1,1): error C1083: Cannot open source file: '..\raylib-master\src\rshapes.c': No such file or directory
  (compiling source file '/raylib-master/src/rshapes.c')
  
  rtext.c
/raylib-master/src/rtext.c(1,1): error C1083: Cannot open source file: '..\raylib-master\src\rtext.c': No such file or directory
  (compiling source file '/raylib-master/src/rtext.c')
  
  rtextures.c
/raylib-master/src/rtextures.c(1,1): error C1083: Cannot open source file: '..\raylib-master\src\rtextures.c': No such file or directory
  (compiling source file '/raylib-master/src/rtextures.c')
  
  utils.c
/raylib-master/src/utils.c(1,1): error C1083: Cannot open source file: '..\raylib-master\src\utils.c': No such file or directory
  (compiling source file '/raylib-master/src/utils.c')
  
  Generating Code...
